This file contains any messages produced by compilers while
running configure, to aid debugging if configure makes a mistake.

It was created by libXft configure 2.3.7, which was
generated by GNU Autoconf 2.69.  Invocation command line was

  $ ./configure --sysconfdir=/etc --prefix=/usr --mandir=/usr/share/man

## --------- ##
## Platform. ##
## --------- ##

hostname = NB
uname -m = x86_64
uname -r = 5.15.0-94-generic
uname -s = Linux
uname -v = #104~20.04.1-Ubuntu SMP Tue Jan 16 13:34:09 UTC 2024

/usr/bin/uname -p = x86_64
/bin/uname -X     = unknown

/bin/arch              = x86_64
/usr/bin/arch -k       = unknown
/usr/convex/getsysinfo = unknown
/usr/bin/hostinfo      = unknown
/bin/machine           = unknown
/usr/bin/oslevel       = unknown
/bin/universe          = unknown

PATH: /home/zaiqdong/.zinit/plugins/junegunn---fzf-bin
PATH: /home/zaiqdong/.zinit/polaris/bin
PATH: /usr/local/sbin
PATH: /usr/local/bin
PATH: /usr/sbin
PATH: /usr/bin
PATH: /sbin
PATH: /bin
PATH: /usr/games
PATH: /usr/local/games
PATH: /snap/bin
PATH: /home/zaiqdong/.yarn/bin
PATH: /snap/bin
PATH: /home/zaiqdong/tools/aliyunpan
PATH: /home/zaiqdong/tools/bin/


## ----------- ##
## Core tests. ##
## ----------- ##

configure:2290: checking for a BSD-compatible install
configure:2358: result: /usr/bin/install -c
configure:2369: checking whether build environment is sane
configure:2424: result: yes
configure:2573: checking for a thread-safe mkdir -p
configure:2612: result: /usr/bin/mkdir -p
configure:2619: checking for gawk
configure:2649: result: no
configure:2619: checking for mawk
configure:2635: found /usr/bin/mawk
configure:2646: result: mawk
configure:2657: checking whether make sets $(MAKE)
configure:2679: result: yes
configure:2708: checking whether make supports nested variables
configure:2725: result: yes
configure:2882: checking build system type
configure:2896: result: x86_64-pc-linux-gnu
configure:2916: checking host system type
configure:2929: result: x86_64-pc-linux-gnu
configure:2970: checking how to print strings
configure:2997: result: printf
configure:3022: checking whether make supports the include directive
configure:3037: make -f confmf.GNU && cat confinc.out
this is the am__doit target
configure:3040: $? = 0
configure:3059: result: yes (GNU style)
configure:3129: checking for gcc
configure:3145: found /usr/bin/gcc
configure:3156: result: gcc
configure:3385: checking for C compiler version
configure:3394: gcc --version >&5
gcc (Ubuntu 9.4.0-1ubuntu1~20.04.2) 9.4.0
Copyright (C) 2019 Free Software Foundation, Inc.
This is free software; see the source for copying conditions.  There is NO
warranty; not even for MERCHANTABILITY or FITNESS FOR A PARTICULAR PURPOSE.

configure:3405: $? = 0
configure:3394: gcc -v >&5
Using built-in specs.
COLLECT_GCC=gcc
COLLECT_LTO_WRAPPER=/usr/lib/gcc/x86_64-linux-gnu/9/lto-wrapper
OFFLOAD_TARGET_NAMES=nvptx-none:hsa
OFFLOAD_TARGET_DEFAULT=1
Target: x86_64-linux-gnu
Configured with: ../src/configure -v --with-pkgversion='Ubuntu 9.4.0-1ubuntu1~20.04.2' --with-bugurl=file:///usr/share/doc/gcc-9/README.Bugs --enable-languages=c,ada,c++,go,brig,d,fortran,objc,obj-c++,gm2 --prefix=/usr --with-gcc-major-version-only --program-suffix=-9 --program-prefix=x86_64-linux-gnu- --enable-shared --enable-linker-build-id --libexecdir=/usr/lib --without-included-gettext --enable-threads=posix --libdir=/usr/lib --enable-nls --enable-clocale=gnu --enable-libstdcxx-debug --enable-libstdcxx-time=yes --with-default-libstdcxx-abi=new --enable-gnu-unique-object --disable-vtable-verify --enable-plugin --enable-default-pie --with-system-zlib --with-target-system-zlib=auto --enable-objc-gc=auto --enable-multiarch --disable-werror --with-arch-32=i686 --with-abi=m64 --with-multilib-list=m32,m64,mx32 --enable-multilib --with-tune=generic --enable-offload-targets=nvptx-none=/build/gcc-9-9QDOt0/gcc-9-9.4.0/debian/tmp-nvptx/usr,hsa --without-cuda-driver --enable-checking=release --build=x86_64-linux-gnu --host=x86_64-linux-gnu --target=x86_64-linux-gnu
Thread model: posix
gcc version 9.4.0 (Ubuntu 9.4.0-1ubuntu1~20.04.2) 
configure:3405: $? = 0
configure:3394: gcc -V >&5
gcc: error: unrecognized command line option '-V'
gcc: fatal error: no input files
compilation terminated.
configure:3405: $? = 1
configure:3394: gcc -qversion >&5
gcc: error: unrecognized command line option '-qversion'; did you mean '--version'?
gcc: fatal error: no input files
compilation terminated.
configure:3405: $? = 1
configure:3425: checking whether the C compiler works
configure:3447: gcc    conftest.c  >&5
configure:3451: $? = 0
configure:3499: result: yes
configure:3502: checking for C compiler default output file name
configure:3504: result: a.out
configure:3510: checking for suffix of executables
configure:3517: gcc -o conftest    conftest.c  >&5
configure:3521: $? = 0
configure:3543: result: 
configure:3565: checking whether we are cross compiling
configure:3573: gcc -o conftest    conftest.c  >&5
configure:3577: $? = 0
configure:3584: ./conftest
configure:3588: $? = 0
configure:3576: result: no
configure:3581: checking for suffix of object files
configure:3603: gcc -c   conftest.c >&5
configure:3607: $? = 0
configure:3628: result: o
configure:3632: checking whether we are using the GNU C compiler
configure:3651: gcc -c   conftest.c >&5
configure:3651: $? = 0
configure:3660: result: yes
configure:3669: checking whether gcc accepts -g
configure:3689: gcc -c -g  conftest.c >&5
configure:3689: $? = 0
configure:3730: result: yes
configure:3747: checking for gcc option to accept ISO C89
configure:3810: gcc  -c -g -O2  conftest.c >&5
configure:3810: $? = 0
configure:3823: result: none needed
configure:3848: checking whether gcc understands -c and -o together
configure:3870: gcc -c conftest.c -o conftest2.o
configure:3873: $? = 0
configure:3870: gcc -c conftest.c -o conftest2.o
configure:3873: $? = 0
configure:3885: result: yes
configure:3904: checking dependency style of gcc
configure:4015: result: gcc3
configure:4030: checking for a sed that does not truncate output
configure:4094: result: /usr/bin/sed
configure:4112: checking for grep that handles long lines and -e
configure:4170: result: /usr/bin/grep
configure:4175: checking for egrep
configure:4237: result: /usr/bin/grep -E
configure:4242: checking for fgrep
configure:4304: result: /usr/bin/grep -F
configure:4339: checking for ld used by gcc
configure:4406: result: /usr/bin/ld
configure:4413: checking if the linker (/usr/bin/ld) is GNU ld
configure:4428: result: yes
configure:4440: checking for BSD- or MS-compatible name lister (nm)
configure:4494: result: /usr/bin/nm -B
configure:4624: checking the name lister (/usr/bin/nm -B) interface
configure:4631: gcc -c -g -O2  conftest.c >&5
configure:4634: /usr/bin/nm -B "conftest.o"
configure:4637: output
0000000000000000 B some_variable
configure:4638: result: BSD nm
configure:4641: checking whether ln -s works
configure:4645: result: yes
configure:4653: checking the maximum length of command line arguments
configure:4784: result: 1572864
configure:4832: checking how to convert x86_64-pc-linux-gnu file names to x86_64-pc-linux-gnu format
configure:4872: result: func_convert_file_noop
configure:4879: checking how to convert x86_64-pc-linux-gnu file names to toolchain format
configure:4899: result: func_convert_file_noop
configure:4906: checking for /usr/bin/ld option to reload object files
configure:4913: result: -r
configure:4987: checking for objdump
configure:5003: found /usr/bin/objdump
configure:5014: result: objdump
configure:5046: checking how to recognize dependent libraries
configure:5246: result: pass_all
configure:5331: checking for dlltool
configure:5361: result: no
configure:5391: checking how to associate runtime and link libraries
configure:5418: result: printf %s\n
configure:5479: checking for ar
configure:5495: found /usr/bin/ar
configure:5506: result: ar
configure:5543: checking for archiver @FILE support
configure:5560: gcc -c -g -O2  conftest.c >&5
configure:5560: $? = 0
configure:5563: ar cr libconftest.a @conftest.lst >&5
configure:5566: $? = 0
configure:5571: ar cr libconftest.a @conftest.lst >&5
ar: conftest.o: No such file or directory
configure:5574: $? = 1
configure:5573: result: @
configure:5631: checking for strip
configure:5647: found /usr/bin/strip
configure:5658: result: strip
configure:5730: checking for ranlib
configure:5746: found /usr/bin/ranlib
configure:5757: result: ranlib
configure:5859: checking command to parse /usr/bin/nm -B output from gcc object
configure:6012: gcc -c -g -O2  conftest.c >&5
configure:6015: $? = 0
configure:6019: /usr/bin/nm -B conftest.o | sed -n -e 's/^.*[	 ]\([ABCDGIRSTW][ABCDGIRSTW]*\)[	 ][	 ]*\([_A-Za-z][_A-Za-z0-9]*\)$/\1 \2 \2/p' | sed '/ __gnu_lto/d' > conftest.nm
configure:6085: gcc -o conftest -g -O2   conftest.c conftstm.o >&5
configure:6088: $? = 0
configure:6126: result: ok
configure:6173: checking for sysroot
configure:6203: result: no
configure:6210: checking for a working dd
configure:6248: result: /usr/bin/dd
configure:6252: checking how to truncate binary pipes
configure:6267: result: /usr/bin/dd bs=4096 count=1
configure:6403: gcc -c -g -O2  conftest.c >&5
configure:6406: $? = 0
configure:6596: checking for mt
configure:6612: found /usr/bin/mt
configure:6623: result: mt
configure:6646: checking if mt is a manifest tool
configure:6652: mt '-?'
configure:6660: result: no
configure:7337: checking how to run the C preprocessor
configure:7368: gcc -E  conftest.c
configure:7368: $? = 0
configure:7382: gcc -E  conftest.c
conftest.c:11:10: fatal error: ac_nonexistent.h: No such file or directory
   11 | #include <ac_nonexistent.h>
      |          ^~~~~~~~~~~~~~~~~~
compilation terminated.
configure:7382: $? = 1
configure: failed program was:
| /* confdefs.h */
| #define PACKAGE_NAME "libXft"
| #define PACKAGE_TARNAME "libXft"
| #define PACKAGE_VERSION "2.3.7"
| #define PACKAGE_STRING "libXft 2.3.7"
| #define PACKAGE_BUGREPORT "https://gitlab.freedesktop.org/xorg/lib/libXft/issues"
| #define PACKAGE_URL ""
| #define PACKAGE "libXft"
| #define VERSION "2.3.7"
| /* end confdefs.h.  */
| #include <ac_nonexistent.h>
configure:7407: result: gcc -E
configure:7427: gcc -E  conftest.c
configure:7427: $? = 0
configure:7441: gcc -E  conftest.c
conftest.c:11:10: fatal error: ac_nonexistent.h: No such file or directory
   11 | #include <ac_nonexistent.h>
      |          ^~~~~~~~~~~~~~~~~~
compilation terminated.
configure:7441: $? = 1
configure: failed program was:
| /* confdefs.h */
| #define PACKAGE_NAME "libXft"
| #define PACKAGE_TARNAME "libXft"
| #define PACKAGE_VERSION "2.3.7"
| #define PACKAGE_STRING "libXft 2.3.7"
| #define PACKAGE_BUGREPORT "https://gitlab.freedesktop.org/xorg/lib/libXft/issues"
| #define PACKAGE_URL ""
| #define PACKAGE "libXft"
| #define VERSION "2.3.7"
| /* end confdefs.h.  */
| #include <ac_nonexistent.h>
configure:7470: checking for ANSI C header files
configure:7490: gcc -c -g -O2  conftest.c >&5
configure:7490: $? = 0
configure:7563: gcc -o conftest -g -O2   conftest.c  >&5
configure:7563: $? = 0
configure:7563: ./conftest
configure:7563: $? = 0
configure:7574: result: yes
configure:7587: checking for sys/types.h
configure:7587: gcc -c -g -O2  conftest.c >&5
configure:7587: $? = 0
configure:7587: result: yes
configure:7587: checking for sys/stat.h
configure:7587: gcc -c -g -O2  conftest.c >&5
configure:7587: $? = 0
configure:7587: result: yes
configure:7587: checking for stdlib.h
configure:7587: gcc -c -g -O2  conftest.c >&5
configure:7587: $? = 0
configure:7587: result: yes
configure:7587: checking for string.h
configure:7587: gcc -c -g -O2  conftest.c >&5
configure:7587: $? = 0
configure:7587: result: yes
configure:7587: checking for memory.h
configure:7587: gcc -c -g -O2  conftest.c >&5
configure:7587: $? = 0
configure:7587: result: yes
configure:7587: checking for strings.h
configure:7587: gcc -c -g -O2  conftest.c >&5
configure:7587: $? = 0
configure:7587: result: yes
configure:7587: checking for inttypes.h
configure:7587: gcc -c -g -O2  conftest.c >&5
configure:7587: $? = 0
configure:7587: result: yes
configure:7587: checking for stdint.h
configure:7587: gcc -c -g -O2  conftest.c >&5
configure:7587: $? = 0
configure:7587: result: yes
configure:7587: checking for unistd.h
configure:7587: gcc -c -g -O2  conftest.c >&5
configure:7587: $? = 0
configure:7587: result: yes
configure:7601: checking for dlfcn.h
configure:7601: gcc -c -g -O2  conftest.c >&5
configure:7601: $? = 0
configure:7601: result: yes
configure:7857: checking for objdir
configure:7872: result: .libs
configure:8132: checking if gcc supports -fno-rtti -fno-exceptions
configure:8150: gcc -c -g -O2  -fno-rtti -fno-exceptions conftest.c >&5
cc1: warning: command line option '-fno-rtti' is valid for C++/D/ObjC++ but not for C
configure:8154: $? = 0
configure:8167: result: no
configure:8531: checking for gcc option to produce PIC
configure:8538: result: -fPIC -DPIC
configure:8546: checking if gcc PIC flag -fPIC -DPIC works
configure:8564: gcc -c -g -O2  -fPIC -DPIC -DPIC conftest.c >&5
configure:8568: $? = 0
configure:8581: result: yes
configure:8610: checking if gcc static flag -static works
configure:8638: result: yes
configure:8653: checking if gcc supports -c -o file.o
configure:8674: gcc -c -g -O2  -o out/conftest2.o conftest.c >&5
configure:8678: $? = 0
configure:8700: result: yes
configure:8708: checking if gcc supports -c -o file.o
configure:8755: result: yes
configure:8788: checking whether the gcc linker (/usr/bin/ld -m elf_x86_64) supports shared libraries
configure:10051: result: yes
configure:10088: checking whether -lc should be explicitly linked in
configure:10096: gcc -c -g -O2  conftest.c >&5
configure:10099: $? = 0
configure:10114: gcc -shared  -fPIC -DPIC conftest.o  -v -Wl,-soname -Wl,conftest -o conftest 2\>\&1 \| /usr/bin/grep  -lc  \>/dev/null 2\>\&1
configure:10117: $? = 0
configure:10131: result: no
configure:10291: checking dynamic linker characteristics
configure:10872: gcc -o conftest -g -O2   -Wl,-rpath -Wl,/foo conftest.c  >&5
configure:10872: $? = 0
configure:11121: result: GNU/Linux ld.so
configure:11243: checking how to hardcode library paths into programs
configure:11268: result: immediate
configure:11816: checking whether stripping libraries is possible
configure:11821: result: yes
configure:11856: checking if libtool supports shared libraries
configure:11858: result: yes
configure:11861: checking whether to build shared libraries
configure:11886: result: yes
configure:11889: checking whether to build static libraries
configure:11893: result: yes
configure:8719: checking for gcc option to accept ISO C99
configure:8868: gcc  -c -g -O2  conftest.c >&5
configure:8868: $? = 0
configure:8881: result: none needed
configure:8900: checking whether __clang__ is declared
configure:8900: gcc -c -g -O2  conftest.c >&5
conftest.c: In function 'main':
conftest.c:63:10: error: '__clang__' undeclared (first use in this function)
   63 |   (void) __clang__;
      |          ^~~~~~~~~
conftest.c:63:10: note: each undeclared identifier is reported only once for each function it appears in
configure:8900: $? = 1
configure: failed program was:
| /* confdefs.h */
| #define PACKAGE_NAME "libXft"
| #define PACKAGE_TARNAME "libXft"
| #define PACKAGE_VERSION "2.3.7"
| #define PACKAGE_STRING "libXft 2.3.7"
| #define PACKAGE_BUGREPORT "https://gitlab.freedesktop.org/xorg/lib/libXft/issues"
| #define PACKAGE_URL ""
| #define PACKAGE "libXft"
| #define VERSION "2.3.7"
| #define STDC_HEADERS 1
| #define HAVE_SYS_TYPES_H 1
| #define HAVE_SYS_STAT_H 1
| #define HAVE_STDLIB_H 1
| #define HAVE_STRING_H 1
| #define HAVE_MEMORY_H 1
| #define HAVE_STRINGS_H 1
| #define HAVE_INTTYPES_H 1
| #define HAVE_STDINT_H 1
| #define HAVE_UNISTD_H 1
| #define HAVE_DLFCN_H 1
| #define LT_OBJDIR ".libs/"
| /* end confdefs.h.  */
| #include <stdio.h>
| #ifdef HAVE_SYS_TYPES_H
| # include <sys/types.h>
| #endif
| #ifdef HAVE_SYS_STAT_H
| # include <sys/stat.h>
| #endif
| #ifdef STDC_HEADERS
| # include <stdlib.h>
| # include <stddef.h>
| #else
| # ifdef HAVE_STDLIB_H
| #  include <stdlib.h>
| # endif
| #endif
| #ifdef HAVE_STRING_H
| # if !defined STDC_HEADERS && defined HAVE_MEMORY_H
| #  include <memory.h>
| # endif
| # include <string.h>
| #endif
| #ifdef HAVE_STRINGS_H
| # include <strings.h>
| #endif
| #ifdef HAVE_INTTYPES_H
| # include <inttypes.h>
| #endif
| #ifdef HAVE_STDINT_H
| # include <stdint.h>
| #endif
| #ifdef HAVE_UNISTD_H
| # include <unistd.h>
| #endif
| int
| main ()
| {
| #ifndef __clang__
| #ifdef __cplusplus
|   (void) __clang__;
| #else
|   (void) __clang__;
| #endif
| #endif
| 
|   ;
|   return 0;
| }
configure:8900: result: no
configure:8907: checking whether __INTEL_COMPILER is declared
configure:8907: gcc -c -g -O2  conftest.c >&5
conftest.c: In function 'main':
conftest.c:63:10: error: '__INTEL_COMPILER' undeclared (first use in this function)
   63 |   (void) __INTEL_COMPILER;
      |          ^~~~~~~~~~~~~~~~
conftest.c:63:10: note: each undeclared identifier is reported only once for each function it appears in
configure:8907: $? = 1
configure: failed program was:
| /* confdefs.h */
| #define PACKAGE_NAME "libXft"
| #define PACKAGE_TARNAME "libXft"
| #define PACKAGE_VERSION "2.3.7"
| #define PACKAGE_STRING "libXft 2.3.7"
| #define PACKAGE_BUGREPORT "https://gitlab.freedesktop.org/xorg/lib/libXft/issues"
| #define PACKAGE_URL ""
| #define PACKAGE "libXft"
| #define VERSION "2.3.7"
| #define STDC_HEADERS 1
| #define HAVE_SYS_TYPES_H 1
| #define HAVE_SYS_STAT_H 1
| #define HAVE_STDLIB_H 1
| #define HAVE_STRING_H 1
| #define HAVE_MEMORY_H 1
| #define HAVE_STRINGS_H 1
| #define HAVE_INTTYPES_H 1
| #define HAVE_STDINT_H 1
| #define HAVE_UNISTD_H 1
| #define HAVE_DLFCN_H 1
| #define LT_OBJDIR ".libs/"
| /* end confdefs.h.  */
| #include <stdio.h>
| #ifdef HAVE_SYS_TYPES_H
| # include <sys/types.h>
| #endif
| #ifdef HAVE_SYS_STAT_H
| # include <sys/stat.h>
| #endif
| #ifdef STDC_HEADERS
| # include <stdlib.h>
| # include <stddef.h>
| #else
| # ifdef HAVE_STDLIB_H
| #  include <stdlib.h>
| # endif
| #endif
| #ifdef HAVE_STRING_H
| # if !defined STDC_HEADERS && defined HAVE_MEMORY_H
| #  include <memory.h>
| # endif
| # include <string.h>
| #endif
| #ifdef HAVE_STRINGS_H
| # include <strings.h>
| #endif
| #ifdef HAVE_INTTYPES_H
| # include <inttypes.h>
| #endif
| #ifdef HAVE_STDINT_H
| # include <stdint.h>
| #endif
| #ifdef HAVE_UNISTD_H
| # include <unistd.h>
| #endif
| int
| main ()
| {
| #ifndef __INTEL_COMPILER
| #ifdef __cplusplus
|   (void) __INTEL_COMPILER;
| #else
|   (void) __INTEL_COMPILER;
| #endif
| #endif
| 
|   ;
|   return 0;
| }
configure:8907: result: no
configure:8914: checking whether __SUNPRO_C is declared
configure:8914: gcc -c -g -O2  conftest.c >&5
conftest.c: In function 'main':
conftest.c:63:10: error: '__SUNPRO_C' undeclared (first use in this function)
   63 |   (void) __SUNPRO_C;
      |          ^~~~~~~~~~
conftest.c:63:10: note: each undeclared identifier is reported only once for each function it appears in
configure:8914: $? = 1
configure: failed program was:
| /* confdefs.h */
| #define PACKAGE_NAME "libXft"
| #define PACKAGE_TARNAME "libXft"
| #define PACKAGE_VERSION "2.3.7"
| #define PACKAGE_STRING "libXft 2.3.7"
| #define PACKAGE_BUGREPORT "https://gitlab.freedesktop.org/xorg/lib/libXft/issues"
| #define PACKAGE_URL ""
| #define PACKAGE "libXft"
| #define VERSION "2.3.7"
| #define STDC_HEADERS 1
| #define HAVE_SYS_TYPES_H 1
| #define HAVE_SYS_STAT_H 1
| #define HAVE_STDLIB_H 1
| #define HAVE_STRING_H 1
| #define HAVE_MEMORY_H 1
| #define HAVE_STRINGS_H 1
| #define HAVE_INTTYPES_H 1
| #define HAVE_STDINT_H 1
| #define HAVE_UNISTD_H 1
| #define HAVE_DLFCN_H 1
| #define LT_OBJDIR ".libs/"
| /* end confdefs.h.  */
| #include <stdio.h>
| #ifdef HAVE_SYS_TYPES_H
| # include <sys/types.h>
| #endif
| #ifdef HAVE_SYS_STAT_H
| # include <sys/stat.h>
| #endif
| #ifdef STDC_HEADERS
| # include <stdlib.h>
| # include <stddef.h>
| #else
| # ifdef HAVE_STDLIB_H
| #  include <stdlib.h>
| # endif
| #endif
| #ifdef HAVE_STRING_H
| # if !defined STDC_HEADERS && defined HAVE_MEMORY_H
| #  include <memory.h>
| # endif
| # include <string.h>
| #endif
| #ifdef HAVE_STRINGS_H
| # include <strings.h>
| #endif
| #ifdef HAVE_INTTYPES_H
| # include <inttypes.h>
| #endif
| #ifdef HAVE_STDINT_H
| # include <stdint.h>
| #endif
| #ifdef HAVE_UNISTD_H
| # include <unistd.h>
| #endif
| int
| main ()
| {
| #ifndef __SUNPRO_C
| #ifdef __cplusplus
|   (void) __SUNPRO_C;
| #else
|   (void) __SUNPRO_C;
| #endif
| #endif
| 
|   ;
|   return 0;
| }
configure:8914: result: no
configure:8976: checking for pkg-config
configure:8994: found /usr/bin/pkg-config
configure:9006: result: /usr/bin/pkg-config
configure:9031: checking pkg-config is at least version 0.9.0
configure:9034: result: yes
configure:9083: checking if gcc supports -Werror=unknown-warning-option
configure:9092: gcc -c -g -O2 -Werror=unknown-warning-option  conftest.c >&5
cc1: error: '-Werror=unknown-warning-option': no option -Wunknown-warning-option
configure:9092: $? = 1
configure: failed program was:
| /* confdefs.h */
| #define PACKAGE_NAME "libXft"
| #define PACKAGE_TARNAME "libXft"
| #define PACKAGE_VERSION "2.3.7"
| #define PACKAGE_STRING "libXft 2.3.7"
| #define PACKAGE_BUGREPORT "https://gitlab.freedesktop.org/xorg/lib/libXft/issues"
| #define PACKAGE_URL ""
| #define PACKAGE "libXft"
| #define VERSION "2.3.7"
| #define STDC_HEADERS 1
| #define HAVE_SYS_TYPES_H 1
| #define HAVE_SYS_STAT_H 1
| #define HAVE_STDLIB_H 1
| #define HAVE_STRING_H 1
| #define HAVE_MEMORY_H 1
| #define HAVE_STRINGS_H 1
| #define HAVE_INTTYPES_H 1
| #define HAVE_STDINT_H 1
| #define HAVE_UNISTD_H 1
| #define HAVE_DLFCN_H 1
| #define LT_OBJDIR ".libs/"
| /* end confdefs.h.  */
| int i;
configure:9099: result: no
configure:9110: checking if gcc supports -Werror=unused-command-line-argument
configure:9119: gcc -c -g -O2 -Werror=unused-command-line-argument  conftest.c >&5
cc1: error: '-Werror=unused-command-line-argument': no option -Wunused-command-line-argument
configure:9119: $? = 1
configure: failed program was:
| /* confdefs.h */
| #define PACKAGE_NAME "libXft"
| #define PACKAGE_TARNAME "libXft"
| #define PACKAGE_VERSION "2.3.7"
| #define PACKAGE_STRING "libXft 2.3.7"
| #define PACKAGE_BUGREPORT "https://gitlab.freedesktop.org/xorg/lib/libXft/issues"
| #define PACKAGE_URL ""
| #define PACKAGE "libXft"
| #define VERSION "2.3.7"
| #define STDC_HEADERS 1
| #define HAVE_SYS_TYPES_H 1
| #define HAVE_SYS_STAT_H 1
| #define HAVE_STDLIB_H 1
| #define HAVE_STRING_H 1
| #define HAVE_MEMORY_H 1
| #define HAVE_STRINGS_H 1
| #define HAVE_INTTYPES_H 1
| #define HAVE_STDINT_H 1
| #define HAVE_UNISTD_H 1
| #define HAVE_DLFCN_H 1
| #define LT_OBJDIR ".libs/"
| /* end confdefs.h.  */
| int i;
configure:9126: result: no
configure:9145: checking if gcc supports -Wall
configure:9162: gcc -o conftest -g -O2 -Wall   conftest.c  >&5
configure:9162: $? = 0
configure:9175: result: yes
configure:9263: checking if gcc supports -Wpointer-arith
configure:9280: gcc -o conftest -g -O2 -Wpointer-arith   conftest.c  >&5
configure:9280: $? = 0
configure:9293: result: yes
configure:9381: checking if gcc supports -Wmissing-declarations
configure:9398: gcc -o conftest -g -O2 -Wmissing-declarations   conftest.c  >&5
configure:9398: $? = 0
configure:9411: result: yes
configure:9499: checking if gcc supports -Wformat=2
configure:9516: gcc -o conftest -g -O2 -Wformat=2   conftest.c  >&5
configure:9516: $? = 0
configure:9529: result: yes
configure:9668: checking if gcc supports -Wstrict-prototypes
configure:9685: gcc -o conftest -g -O2 -Wstrict-prototypes   conftest.c  >&5
conftest.c:25:1: warning: function declaration isn't a prototype [-Wstrict-prototypes]
   25 | main ()
      | ^~~~
configure:9685: $? = 0
configure:9698: result: yes
configure:9786: checking if gcc supports -Wmissing-prototypes
configure:9803: gcc -o conftest -g -O2 -Wmissing-prototypes   conftest.c  >&5
configure:9803: $? = 0
configure:9816: result: yes
configure:9904: checking if gcc supports -Wnested-externs
configure:9921: gcc -o conftest -g -O2 -Wnested-externs   conftest.c  >&5
configure:9921: $? = 0
configure:9934: result: yes
configure:10022: checking if gcc supports -Wbad-function-cast
configure:10039: gcc -o conftest -g -O2 -Wbad-function-cast   conftest.c  >&5
configure:10039: $? = 0
configure:10052: result: yes
configure:10140: checking if gcc supports -Wold-style-definition
configure:10157: gcc -o conftest -g -O2 -Wold-style-definition   conftest.c  >&5
conftest.c: In function 'main':
conftest.c:25:1: warning: old-style function definition [-Wold-style-definition]
   25 | main ()
      | ^~~~
configure:10157: $? = 0
configure:10170: result: yes
configure:10307: checking if gcc supports -Wdeclaration-after-statement
configure:10324: gcc -o conftest -g -O2 -Wdeclaration-after-statement   conftest.c  >&5
configure:10324: $? = 0
configure:10337: result: yes
configure:10429: checking if gcc supports -Wunused
configure:10446: gcc -o conftest -g -O2 -Wunused   conftest.c  >&5
configure:10446: $? = 0
configure:10459: result: yes
configure:10547: checking if gcc supports -Wuninitialized
configure:10564: gcc -o conftest -g -O2 -Wuninitialized   conftest.c  >&5
configure:10564: $? = 0
configure:10577: result: yes
configure:10665: checking if gcc supports -Wshadow
configure:10682: gcc -o conftest -g -O2 -Wshadow   conftest.c  >&5
configure:10682: $? = 0
configure:10695: result: yes
configure:10783: checking if gcc supports -Wmissing-noreturn
configure:10800: gcc -o conftest -g -O2 -Wmissing-noreturn   conftest.c  >&5
configure:10800: $? = 0
configure:10813: result: yes
configure:10901: checking if gcc supports -Wmissing-format-attribute
configure:10918: gcc -o conftest -g -O2 -Wmissing-format-attribute   conftest.c  >&5
configure:10918: $? = 0
configure:10931: result: yes
configure:11019: checking if gcc supports -Wredundant-decls
configure:11036: gcc -o conftest -g -O2 -Wredundant-decls   conftest.c  >&5
configure:11036: $? = 0
configure:11049: result: yes
configure:11137: checking if gcc supports -Wlogical-op
configure:11154: gcc -o conftest -g -O2 -Wlogical-op   conftest.c  >&5
configure:11154: $? = 0
configure:11167: result: yes
configure:11267: checking if gcc supports -Werror=implicit
configure:11284: gcc -o conftest -g -O2 -Werror=implicit   conftest.c  >&5
configure:11284: $? = 0
configure:11297: result: yes
configure:11434: checking if gcc supports -Werror=nonnull
configure:11451: gcc -o conftest -g -O2 -Werror=nonnull   conftest.c  >&5
configure:11451: $? = 0
configure:11464: result: yes
configure:11552: checking if gcc supports -Werror=init-self
configure:11569: gcc -o conftest -g -O2 -Werror=init-self   conftest.c  >&5
configure:11569: $? = 0
configure:11582: result: yes
configure:11670: checking if gcc supports -Werror=main
configure:11687: gcc -o conftest -g -O2 -Werror=main   conftest.c  >&5
configure:11687: $? = 0
configure:11700: result: yes
configure:11788: checking if gcc supports -Werror=missing-braces
configure:11805: gcc -o conftest -g -O2 -Werror=missing-braces   conftest.c  >&5
configure:11805: $? = 0
configure:11818: result: yes
configure:11906: checking if gcc supports -Werror=sequence-point
configure:11923: gcc -o conftest -g -O2 -Werror=sequence-point   conftest.c  >&5
configure:11923: $? = 0
configure:11936: result: yes
configure:12024: checking if gcc supports -Werror=return-type
configure:12041: gcc -o conftest -g -O2 -Werror=return-type   conftest.c  >&5
configure:12041: $? = 0
configure:12054: result: yes
configure:12191: checking if gcc supports -Werror=trigraphs
configure:12208: gcc -o conftest -g -O2 -Werror=trigraphs   conftest.c  >&5
configure:12208: $? = 0
configure:12221: result: yes
configure:12309: checking if gcc supports -Werror=array-bounds
configure:12326: gcc -o conftest -g -O2 -Werror=array-bounds   conftest.c  >&5
configure:12326: $? = 0
configure:12339: result: yes
configure:12427: checking if gcc supports -Werror=write-strings
configure:12444: gcc -o conftest -g -O2 -Werror=write-strings   conftest.c  >&5
configure:12444: $? = 0
configure:12457: result: yes
configure:12545: checking if gcc supports -Werror=address
configure:12562: gcc -o conftest -g -O2 -Werror=address   conftest.c  >&5
configure:12562: $? = 0
configure:12575: result: yes
configure:12663: checking if gcc supports -Werror=int-to-pointer-cast
configure:12680: gcc -o conftest -g -O2 -Werror=int-to-pointer-cast   conftest.c  >&5
configure:12680: $? = 0
configure:12693: result: yes
configure:12830: checking if gcc supports -Werror=pointer-to-int-cast
configure:12847: gcc -o conftest -g -O2 -Werror=pointer-to-int-cast   conftest.c  >&5
configure:12847: $? = 0
configure:12860: result: yes
configure:14518: checking if gcc supports -pedantic
configure:14535: gcc -o conftest -g -O2 -pedantic   conftest.c  >&5
configure:14535: $? = 0
configure:14548: result: yes
configure:14636: checking if gcc supports -Werror
configure:14653: gcc -o conftest -g -O2 -Werror   conftest.c  >&5
configure:14653: $? = 0
configure:14666: result: yes
configure:14806: checking if gcc supports -Werror=attributes
configure:14823: gcc -o conftest -g -O2 -Werror=attributes   conftest.c  >&5
configure:14823: $? = 0
configure:14836: result: yes
configure:14996: checking whether make supports nested variables
configure:15013: result: yes
configure:15054: checking for XRENDER
configure:15061: $PKG_CONFIG --exists --print-errors "xrender >= 0.8.2 x11"
configure:15064: $? = 0
configure:15078: $PKG_CONFIG --exists --print-errors "xrender >= 0.8.2 x11"
configure:15081: $? = 0
configure:15139: result: yes
configure:15147: checking for FREETYPE
configure:15154: $PKG_CONFIG --exists --print-errors "freetype2 >= 2.1.6"
configure:15157: $? = 0
configure:15171: $PKG_CONFIG --exists --print-errors "freetype2 >= 2.1.6"
configure:15174: $? = 0
configure:15232: result: yes
configure:15240: checking for FONTCONFIG
configure:15247: $PKG_CONFIG --exists --print-errors "fontconfig >= 2.5.92"
configure:15250: $? = 0
configure:15264: $PKG_CONFIG --exists --print-errors "fontconfig >= 2.5.92"
configure:15267: $? = 0
configure:15325: result: yes
configure:15444: checking that generated files are newer than configure
configure:15450: result: done
configure:15473: creating ./config.status

## ---------------------- ##
## Running config.status. ##
## ---------------------- ##

This file was extended by libXft config.status 2.3.7, which was
generated by GNU Autoconf 2.69.  Invocation command line was

  CONFIG_FILES    = 
  CONFIG_HEADERS  = 
  CONFIG_LINKS    = 
  CONFIG_COMMANDS = 
  $ ./config.status 

on NB

config.status:1130: creating Makefile
config.status:1130: creating xft.pc
config.status:1130: creating src/Makefile
config.status:1130: creating man/Makefile
config.status:1130: creating config.h
config.status:1130: creating include/X11/Xft/Xft.h
config.status:1359: executing depfiles commands
config.status:1436: cd src       && sed -e '/# am--include-marker/d' Makefile         | make -f - am--depfiles
config.status:1441: $? = 0
config.status:1359: executing libtool commands

## ---------------- ##
## Cache variables. ##
## ---------------- ##

ac_cv_build=x86_64-pc-linux-gnu
ac_cv_c_compiler_gnu=yes
ac_cv_env_CC_set=
ac_cv_env_CC_value=
ac_cv_env_CFLAGS_set=
ac_cv_env_CFLAGS_value=
ac_cv_env_CPPFLAGS_set=
ac_cv_env_CPPFLAGS_value=
ac_cv_env_CPP_set=
ac_cv_env_CPP_value=
ac_cv_env_FONTCONFIG_CFLAGS_set=
ac_cv_env_FONTCONFIG_CFLAGS_value=
ac_cv_env_FONTCONFIG_LIBS_set=
ac_cv_env_FONTCONFIG_LIBS_value=
ac_cv_env_FREETYPE_CFLAGS_set=
ac_cv_env_FREETYPE_CFLAGS_value=
ac_cv_env_FREETYPE_LIBS_set=
ac_cv_env_FREETYPE_LIBS_value=
ac_cv_env_LDFLAGS_set=
ac_cv_env_LDFLAGS_value=
ac_cv_env_LIBS_set=
ac_cv_env_LIBS_value=
ac_cv_env_LT_SYS_LIBRARY_PATH_set=
ac_cv_env_LT_SYS_LIBRARY_PATH_value=
ac_cv_env_PKG_CONFIG_LIBDIR_set=
ac_cv_env_PKG_CONFIG_LIBDIR_value=
ac_cv_env_PKG_CONFIG_PATH_set=
ac_cv_env_PKG_CONFIG_PATH_value=
ac_cv_env_PKG_CONFIG_set=
ac_cv_env_PKG_CONFIG_value=
ac_cv_env_XRENDER_CFLAGS_set=
ac_cv_env_XRENDER_CFLAGS_value=
ac_cv_env_XRENDER_LIBS_set=
ac_cv_env_XRENDER_LIBS_value=
ac_cv_env_build_alias_set=
ac_cv_env_build_alias_value=
ac_cv_env_host_alias_set=
ac_cv_env_host_alias_value=
ac_cv_env_target_alias_set=
ac_cv_env_target_alias_value=
ac_cv_have_decl___INTEL_COMPILER=no
ac_cv_have_decl___SUNPRO_C=no
ac_cv_have_decl___clang__=no
ac_cv_header_dlfcn_h=yes
ac_cv_header_inttypes_h=yes
ac_cv_header_memory_h=yes
ac_cv_header_stdc=yes
ac_cv_header_stdint_h=yes
ac_cv_header_stdlib_h=yes
ac_cv_header_string_h=yes
ac_cv_header_strings_h=yes
ac_cv_header_sys_stat_h=yes
ac_cv_header_sys_types_h=yes
ac_cv_header_unistd_h=yes
ac_cv_host=x86_64-pc-linux-gnu
ac_cv_objext=o
ac_cv_path_EGREP='/usr/bin/grep -E'
ac_cv_path_FGREP='/usr/bin/grep -F'
ac_cv_path_GREP=/usr/bin/grep
ac_cv_path_SED=/usr/bin/sed
ac_cv_path_ac_pt_PKG_CONFIG=/usr/bin/pkg-config
ac_cv_path_install='/usr/bin/install -c'
ac_cv_path_lt_DD=/usr/bin/dd
ac_cv_path_mkdir=/usr/bin/mkdir
ac_cv_prog_AWK=mawk
ac_cv_prog_CPP='gcc -E'
ac_cv_prog_ac_ct_AR=ar
ac_cv_prog_ac_ct_CC=gcc
ac_cv_prog_ac_ct_MANIFEST_TOOL=mt
ac_cv_prog_ac_ct_OBJDUMP=objdump
ac_cv_prog_ac_ct_RANLIB=ranlib
ac_cv_prog_ac_ct_STRIP=strip
ac_cv_prog_cc_c89=
ac_cv_prog_cc_c99=
ac_cv_prog_cc_g=yes
ac_cv_prog_make_make_set=yes
am_cv_CC_dependencies_compiler_type=gcc3
am_cv_make_support_nested_variables=yes
am_cv_prog_cc_c_o=yes
lt_cv_ar_at_file=@
lt_cv_archive_cmds_need_lc=no
lt_cv_deplibs_check_method=pass_all
lt_cv_file_magic_cmd='$MAGIC_CMD'
lt_cv_file_magic_test_file=
lt_cv_ld_reload_flag=-r
lt_cv_nm_interface='BSD nm'
lt_cv_objdir=.libs
lt_cv_path_LD=/usr/bin/ld
lt_cv_path_NM='/usr/bin/nm -B'
lt_cv_path_mainfest_tool=no
lt_cv_prog_compiler_c_o=yes
lt_cv_prog_compiler_pic='-fPIC -DPIC'
lt_cv_prog_compiler_pic_works=yes
lt_cv_prog_compiler_rtti_exceptions=no
lt_cv_prog_compiler_static_works=yes
lt_cv_prog_gnu_ld=yes
lt_cv_sharedlib_from_linklib_cmd='printf %s\n'
lt_cv_shlibpath_overrides_runpath=yes
lt_cv_sys_global_symbol_pipe='sed -n -e '\''s/^.*[	 ]\([ABCDGIRSTW][ABCDGIRSTW]*\)[	 ][	 ]*\([_A-Za-z][_A-Za-z0-9]*\)$/\1 \2 \2/p'\'' | sed '\''/ __gnu_lto/d'\'''
lt_cv_sys_global_symbol_to_c_name_address='sed -n -e '\''s/^: \(.*\) .*$/  {"\1", (void *) 0},/p'\'' -e '\''s/^[ABCDGIRSTW][ABCDGIRSTW]* .* \(.*\)$/  {"\1", (void *) \&\1},/p'\'''
lt_cv_sys_global_symbol_to_c_name_address_lib_prefix='sed -n -e '\''s/^: \(.*\) .*$/  {"\1", (void *) 0},/p'\'' -e '\''s/^[ABCDGIRSTW][ABCDGIRSTW]* .* \(lib.*\)$/  {"\1", (void *) \&\1},/p'\'' -e '\''s/^[ABCDGIRSTW][ABCDGIRSTW]* .* \(.*\)$/  {"lib\1", (void *) \&\1},/p'\'''
lt_cv_sys_global_symbol_to_cdecl='sed -n -e '\''s/^T .* \(.*\)$/extern int \1();/p'\'' -e '\''s/^[ABCDGIRSTW][ABCDGIRSTW]* .* \(.*\)$/extern char \1;/p'\'''
lt_cv_sys_global_symbol_to_import=
lt_cv_sys_max_cmd_len=1572864
lt_cv_to_host_file_cmd=func_convert_file_noop
lt_cv_to_tool_file_cmd=func_convert_file_noop
lt_cv_truncate_bin='/usr/bin/dd bs=4096 count=1'
pkg_cv_FONTCONFIG_CFLAGS='-I/usr/include/uuid -I/usr/include/freetype2 -I/usr/include/libpng16'
pkg_cv_FONTCONFIG_LIBS='-lfontconfig -lfreetype'
pkg_cv_FREETYPE_CFLAGS='-I/usr/include/freetype2 -I/usr/include/libpng16'
pkg_cv_FREETYPE_LIBS=-lfreetype
pkg_cv_XRENDER_CFLAGS=
pkg_cv_XRENDER_LIBS='-lXrender -lX11'
xorg_cv_cc_flag__Wall=yes
xorg_cv_cc_flag__Wbad_function_cast=yes
xorg_cv_cc_flag__Wdeclaration_after_statement=yes
xorg_cv_cc_flag__Werror=yes
xorg_cv_cc_flag__Werror_address=yes
xorg_cv_cc_flag__Werror_array_bounds=yes
xorg_cv_cc_flag__Werror_attributes=yes
xorg_cv_cc_flag__Werror_implicit=yes
xorg_cv_cc_flag__Werror_init_self=yes
xorg_cv_cc_flag__Werror_int_to_pointer_cast=yes
xorg_cv_cc_flag__Werror_main=yes
xorg_cv_cc_flag__Werror_missing_braces=yes
xorg_cv_cc_flag__Werror_nonnull=yes
xorg_cv_cc_flag__Werror_pointer_to_int_cast=yes
xorg_cv_cc_flag__Werror_return_type=yes
xorg_cv_cc_flag__Werror_sequence_point=yes
xorg_cv_cc_flag__Werror_trigraphs=yes
xorg_cv_cc_flag__Werror_write_strings=yes
xorg_cv_cc_flag__Wformat_2=yes
xorg_cv_cc_flag__Wlogical_op=yes
xorg_cv_cc_flag__Wmissing_declarations=yes
xorg_cv_cc_flag__Wmissing_format_attribute=yes
xorg_cv_cc_flag__Wmissing_noreturn=yes
xorg_cv_cc_flag__Wmissing_prototypes=yes
xorg_cv_cc_flag__Wnested_externs=yes
xorg_cv_cc_flag__Wold_style_definition=yes
xorg_cv_cc_flag__Wpointer_arith=yes
xorg_cv_cc_flag__Wredundant_decls=yes
xorg_cv_cc_flag__Wshadow=yes
xorg_cv_cc_flag__Wstrict_prototypes=yes
xorg_cv_cc_flag__Wuninitialized=yes
xorg_cv_cc_flag__Wunused=yes
xorg_cv_cc_flag__pedantic=yes
xorg_cv_cc_flag_unknown_warning_option=no
xorg_cv_cc_flag_unused_command_line_argument=no

## ----------------- ##
## Output variables. ##
## ----------------- ##

ACLOCAL='${SHELL} /home/zaiqdong/Downloads/libxft/missing aclocal-1.16'
ADMIN_MAN_DIR='$(mandir)/man$(ADMIN_MAN_SUFFIX)'
ADMIN_MAN_SUFFIX='8'
AMDEPBACKSLASH='\'
AMDEP_FALSE='#'
AMDEP_TRUE=''
AMTAR='$${TAR-tar}'
AM_BACKSLASH='\'
AM_DEFAULT_V='$(AM_DEFAULT_VERBOSITY)'
AM_DEFAULT_VERBOSITY='0'
AM_V='$(V)'
APP_MAN_DIR='$(mandir)/man$(APP_MAN_SUFFIX)'
APP_MAN_SUFFIX='1'
AR='ar'
AUTOCONF='${SHELL} /home/zaiqdong/Downloads/libxft/missing autoconf'
AUTOHEADER='${SHELL} /home/zaiqdong/Downloads/libxft/missing autoheader'
AUTOMAKE='${SHELL} /home/zaiqdong/Downloads/libxft/missing automake-1.16'
AWK='mawk'
BASE_CFLAGS=' -Wall -Wpointer-arith -Wmissing-declarations -Wformat=2 -Wstrict-prototypes -Wmissing-prototypes -Wnested-externs -Wbad-function-cast -Wold-style-definition -Wdeclaration-after-statement -Wunused -Wuninitialized -Wshadow -Wmissing-noreturn -Wmissing-format-attribute -Wredundant-decls -Wlogical-op -Werror=implicit -Werror=nonnull -Werror=init-self -Werror=main -Werror=missing-braces -Werror=sequence-point -Werror=return-type -Werror=trigraphs -Werror=array-bounds -Werror=write-strings -Werror=address -Werror=int-to-pointer-cast -Werror=pointer-to-int-cast'
CC='gcc'
CCDEPMODE='depmode=gcc3'
CFLAGS='-g -O2'
CHANGELOG_CMD='(GIT_DIR=$(top_srcdir)/.git git log > $(top_srcdir)/.changelog.tmp && mv $(top_srcdir)/.changelog.tmp $(top_srcdir)/ChangeLog) || (rm -f $(top_srcdir)/.changelog.tmp; touch $(top_srcdir)/ChangeLog; echo '\''git directory not found: installing possibly empty changelog.'\'' >&2)'
CPP='gcc -E'
CPPFLAGS=''
CWARNFLAGS=' -Wall -Wpointer-arith -Wmissing-declarations -Wformat=2 -Wstrict-prototypes -Wmissing-prototypes -Wnested-externs -Wbad-function-cast -Wold-style-definition -Wdeclaration-after-statement -Wunused -Wuninitialized -Wshadow -Wmissing-noreturn -Wmissing-format-attribute -Wredundant-decls -Wlogical-op -Werror=implicit -Werror=nonnull -Werror=init-self -Werror=main -Werror=missing-braces -Werror=sequence-point -Werror=return-type -Werror=trigraphs -Werror=array-bounds -Werror=write-strings -Werror=address -Werror=int-to-pointer-cast -Werror=pointer-to-int-cast -fno-strict-aliasing'
CYGPATH_W='echo'
DEFS='-DHAVE_CONFIG_H'
DEPDIR='.deps'
DLLTOOL='false'
DRIVER_MAN_DIR='$(mandir)/man$(DRIVER_MAN_SUFFIX)'
DRIVER_MAN_SUFFIX='4'
DSYMUTIL=''
DUMPBIN=''
ECHO_C=''
ECHO_N='-n'
ECHO_T=''
EGREP='/usr/bin/grep -E'
EXEEXT=''
FGREP='/usr/bin/grep -F'
FILE_MAN_DIR='$(mandir)/man$(FILE_MAN_SUFFIX)'
FILE_MAN_SUFFIX='5'
FONTCONFIG_CFLAGS='-I/usr/include/uuid -I/usr/include/freetype2 -I/usr/include/libpng16'
FONTCONFIG_LIBS='-lfontconfig -lfreetype'
FREETYPE_CFLAGS='-I/usr/include/freetype2 -I/usr/include/libpng16'
FREETYPE_LIBS='-lfreetype'
GREP='/usr/bin/grep'
INSTALL_CMD='(cp -f /usr/share/util-macros/INSTALL $(top_srcdir)/.INSTALL.tmp && mv $(top_srcdir)/.INSTALL.tmp $(top_srcdir)/INSTALL) || (rm -f $(top_srcdir)/.INSTALL.tmp; touch $(top_srcdir)/INSTALL; echo '\''util-macros "pkgdatadir" from xorg-macros.pc not found: installing possibly empty INSTALL.'\'' >&2)'
INSTALL_DATA='${INSTALL} -m 644'
INSTALL_PROGRAM='${INSTALL}'
INSTALL_SCRIPT='${INSTALL}'
INSTALL_STRIP_PROGRAM='$(install_sh) -c -s'
LD='/usr/bin/ld -m elf_x86_64'
LDFLAGS=''
LIBOBJS=''
LIBS=''
LIBTOOL='$(SHELL) $(top_builddir)/libtool'
LIB_MAN_DIR='$(mandir)/man$(LIB_MAN_SUFFIX)'
LIB_MAN_SUFFIX='3'
LIPO=''
LN_S='ln -s'
LTLIBOBJS=''
LT_SYS_LIBRARY_PATH=''
MAKEINFO='${SHELL} /home/zaiqdong/Downloads/libxft/missing makeinfo'
MANIFEST_TOOL=':'
MAN_SUBSTS='	-e '\''s|__vendorversion__|"$(PACKAGE_STRING)" "$(XORG_MAN_PAGE)"|'\'' 	-e '\''s|__xorgversion__|"$(PACKAGE_STRING)" "$(XORG_MAN_PAGE)"|'\'' 	-e '\''s|__xservername__|Xorg|g'\'' 	-e '\''s|__xconfigfile__|xorg.conf|g'\'' 	-e '\''s|__projectroot__|$(prefix)|g'\'' 	-e '\''s|__apploaddir__|$(appdefaultdir)|g'\'' 	-e '\''s|__appmansuffix__|$(APP_MAN_SUFFIX)|g'\'' 	-e '\''s|__drivermansuffix__|$(DRIVER_MAN_SUFFIX)|g'\'' 	-e '\''s|__adminmansuffix__|$(ADMIN_MAN_SUFFIX)|g'\'' 	-e '\''s|__libmansuffix__|$(LIB_MAN_SUFFIX)|g'\'' 	-e '\''s|__miscmansuffix__|$(MISC_MAN_SUFFIX)|g'\'' 	-e '\''s|__filemansuffix__|$(FILE_MAN_SUFFIX)|g'\'''
MISC_MAN_DIR='$(mandir)/man$(MISC_MAN_SUFFIX)'
MISC_MAN_SUFFIX='7'
MKDIR_P='/usr/bin/mkdir -p'
NM='/usr/bin/nm -B'
NMEDIT=''
OBJDUMP='objdump'
OBJEXT='o'
OTOOL64=''
OTOOL=''
PACKAGE='libXft'
PACKAGE_BUGREPORT='https://gitlab.freedesktop.org/xorg/lib/libXft/issues'
PACKAGE_NAME='libXft'
PACKAGE_STRING='libXft 2.3.7'
PACKAGE_TARNAME='libXft'
PACKAGE_URL=''
PACKAGE_VERSION='2.3.7'
PATH_SEPARATOR=':'
PKG_CONFIG='/usr/bin/pkg-config'
PKG_CONFIG_LIBDIR=''
PKG_CONFIG_PATH=''
RANLIB='ranlib'
SED='/usr/bin/sed'
SET_MAKE=''
SHELL='/bin/bash'
STRICT_CFLAGS=' -pedantic -Werror -Werror=attributes'
STRIP='strip'
VERSION='2.3.7'
XFT_LT_VERSION='2:3:7'
XORG_MAN_PAGE='X Version 11'
XRENDER_CFLAGS=''
XRENDER_LIBS='-lXrender -lX11'
ac_ct_AR='ar'
ac_ct_CC='gcc'
ac_ct_DUMPBIN=''
am__EXEEXT_FALSE=''
am__EXEEXT_TRUE='#'
am__fastdepCC_FALSE='#'
am__fastdepCC_TRUE=''
am__include='include'
am__isrc=''
am__leading_dot='.'
am__nodep='_no'
am__quote=''
am__tar='$${TAR-tar} chof - "$$tardir"'
am__untar='$${TAR-tar} xf -'
bindir='${exec_prefix}/bin'
build='x86_64-pc-linux-gnu'
build_alias=''
build_cpu='x86_64'
build_os='linux-gnu'
build_vendor='pc'
datadir='${datarootdir}'
datarootdir='${prefix}/share'
docdir='${datarootdir}/doc/${PACKAGE_TARNAME}'
dvidir='${docdir}'
exec_prefix='${prefix}'
host='x86_64-pc-linux-gnu'
host_alias=''
host_cpu='x86_64'
host_os='linux-gnu'
host_vendor='pc'
htmldir='${docdir}'
includedir='${prefix}/include'
infodir='${datarootdir}/info'
install_sh='${SHELL} /home/zaiqdong/Downloads/libxft/install-sh'
libdir='${exec_prefix}/lib'
libexecdir='${exec_prefix}/libexec'
localedir='${datarootdir}/locale'
localstatedir='${prefix}/var'
mandir='/usr/share/man'
mkdir_p='$(MKDIR_P)'
oldincludedir='/usr/include'
pdfdir='${docdir}'
prefix='/usr'
program_transform_name='s,x,x,'
psdir='${docdir}'
runstatedir='${localstatedir}/run'
sbindir='${exec_prefix}/sbin'
sharedstatedir='${prefix}/com'
sysconfdir='/etc'
target_alias=''

## ----------- ##
## confdefs.h. ##
## ----------- ##

/* confdefs.h */
#define PACKAGE_NAME "libXft"
#define PACKAGE_TARNAME "libXft"
#define PACKAGE_VERSION "2.3.7"
#define PACKAGE_STRING "libXft 2.3.7"
#define PACKAGE_BUGREPORT "https://gitlab.freedesktop.org/xorg/lib/libXft/issues"
#define PACKAGE_URL ""
#define PACKAGE "libXft"
#define VERSION "2.3.7"
#define STDC_HEADERS 1
#define HAVE_SYS_TYPES_H 1
#define HAVE_SYS_STAT_H 1
#define HAVE_STDLIB_H 1
#define HAVE_STRING_H 1
#define HAVE_MEMORY_H 1
#define HAVE_STRINGS_H 1
#define HAVE_INTTYPES_H 1
#define HAVE_STDINT_H 1
#define HAVE_UNISTD_H 1
#define HAVE_DLFCN_H 1
#define LT_OBJDIR ".libs/"
#define PACKAGE_VERSION_MAJOR 2
#define PACKAGE_VERSION_MINOR 3
#define PACKAGE_VERSION_PATCHLEVEL 7
#define XFT_MAJOR 2
#define XFT_MINOR 3
#define XFT_REVISION 7

configure: exit 0
